This file contains any messages produced by compilers while
running configure, to aid debugging if configure makes a mistake.

It was created by configure, which was
generated by GNU Autoconf 2.69.  Invocation command line was

  $ ./configure 

## --------- ##
## Platform. ##
## --------- ##

hostname = brunimain
uname -m = x86_64
uname -r = 13.2.0
uname -s = Darwin
uname -v = Darwin Kernel Version 13.2.0: Thu Apr 17 23:03:13 PDT 2014; root:xnu-2422.100.13~1/RELEASE_X86_64

/usr/bin/uname -p = i386
/bin/uname -X     = unknown

/bin/arch              = unknown
/usr/bin/arch -k       = unknown
/usr/convex/getsysinfo = unknown
/usr/bin/hostinfo      = Mach kernel version:
	 Darwin Kernel Version 13.2.0: Thu Apr 17 23:03:13 PDT 2014; root:xnu-2422.100.13~1/RELEASE_X86_64
Kernel configured for up to 4 processors.
4 processors are physically available.
4 processors are logically available.
Processor type: i486 (Intel 80486)
Processors active: 0 1 2 3
Primary memory available: 20.00 gigabytes
Default processor set: 156 tasks, 677 threads, 4 processors
Load average: 1.29, Mach factor: 2.70
/bin/machine           = unknown
/usr/bin/oslevel       = unknown
/bin/universe          = unknown

PATH: /usr/bin
PATH: /bin
PATH: /usr/sbin
PATH: /sbin
PATH: /usr/local/bin
PATH: /opt/X11/bin
PATH: /Users/christophebrunner/.rvm/bin


## ----------- ##
## Core tests. ##
## ----------- ##

configure:1839: checking for gcc
configure:1855: found /usr/bin/gcc
configure:1866: result: gcc
configure:2095: checking for C compiler version
configure:2104: gcc --version >&5
Apple LLVM version 5.1 (clang-503.0.40) (based on LLVM 3.4svn)
Target: x86_64-apple-darwin13.2.0
Thread model: posix
Configured with: --prefix=/Library/Developer/CommandLineTools/usr --with-gxx-include-dir=/usr/include/c++/4.2.1
configure:2115: $? = 0
configure:2104: gcc -v >&5
Configured with: --prefix=/Library/Developer/CommandLineTools/usr --with-gxx-include-dir=/usr/include/c++/4.2.1
Apple LLVM version 5.1 (clang-503.0.40) (based on LLVM 3.4svn)
Target: x86_64-apple-darwin13.2.0
Thread model: posix
configure:2115: $? = 0
configure:2104: gcc -V >&5
clang: error: argument to '-V' is missing (expected 1 value)
clang: error: no input files
configure:2115: $? = 1
configure:2104: gcc -qversion >&5
clang: error: unknown argument: '-qversion' [-Wunused-command-line-argument-hard-error-in-future]
clang: note: this will be a hard error (cannot be downgraded to a warning) in the future
clang: error: no input files
configure:2115: $? = 1
configure:2135: checking whether the C compiler works
configure:2157: gcc    conftest.c  >&5
configure:2161: $? = 0
configure:2209: result: yes
configure:2212: checking for C compiler default output file name
configure:2214: result: a.out
configure:2220: checking for suffix of executables
configure:2227: gcc -o conftest    conftest.c  >&5
configure:2231: $? = 0
configure:2253: result: 
configure:2275: checking whether we are cross compiling
configure:2283: gcc -o conftest    conftest.c  >&5
configure:2287: $? = 0
configure:2294: ./conftest
configure:2298: $? = 0
configure:2313: result: no
configure:2318: checking for suffix of object files
configure:2340: gcc -c   conftest.c >&5
configure:2344: $? = 0
configure:2365: result: o
configure:2369: checking whether we are using the GNU C compiler
configure:2388: gcc -c   conftest.c >&5
configure:2388: $? = 0
configure:2397: result: yes
configure:2406: checking whether gcc accepts -g
configure:2426: gcc -c -g  conftest.c >&5
configure:2426: $? = 0
configure:2467: result: yes
configure:2484: checking for gcc option to accept ISO C89
configure:2547: gcc  -c -g -O2  conftest.c >&5
configure:2547: $? = 0
configure:2560: result: none needed
configure:2583: checking for SSL_library_init in -lssl
configure:2608: gcc -o conftest -g -O2   conftest.c -lssl   >&5
configure:2608: $? = 0
configure:2617: result: yes
configure:2630: checking for CRYPTO_num_locks in -lcrypto
configure:2655: gcc -o conftest -g -O2   conftest.c -lcrypto  -lssl  >&5
configure:2655: $? = 0
configure:2664: result: yes
configure:2679: checking for readline in -lreadline
configure:2704: gcc -o conftest -g -O2   conftest.c -lreadline  -lcrypto -lssl  >&5
configure:2704: $? = 0
configure:2713: result: yes
configure:2726: checking for mpc_log10 in -lmpc
configure:2751: gcc -o conftest -g -O2   conftest.c -lmpc  -lreadline -lcrypto -lssl  >&5
configure:2751: $? = 0
configure:2760: result: yes
configure:2829: checking for pkg-config
configure:2847: found /usr/local/bin/pkg-config
configure:2859: result: /usr/local/bin/pkg-config
configure:2884: checking pkg-config is at least version 0.9.0
configure:2887: result: yes
configure:2897: checking for ARCHIVE
configure:2904: $PKG_CONFIG --exists --print-errors "libarchive"
configure:2907: $? = 0
configure:2921: $PKG_CONFIG --exists --print-errors "libarchive"
configure:2924: $? = 0
configure:2982: result: yes
configure:3139: creating ./config.status

## ---------------------- ##
## Running config.status. ##
## ---------------------- ##

This file was extended by config.status, which was
generated by GNU Autoconf 2.69.  Invocation command line was

  CONFIG_FILES    = 
  CONFIG_HEADERS  = 
  CONFIG_LINKS    = 
  CONFIG_COMMANDS = 
  $ ./config.status 

on brunimain


## ---------------- ##
## Cache variables. ##
## ---------------- ##

ac_cv_c_compiler_gnu=yes
ac_cv_env_ARCHIVE_CFLAGS_set=
ac_cv_env_ARCHIVE_CFLAGS_value=
ac_cv_env_ARCHIVE_LIBS_set=
ac_cv_env_ARCHIVE_LIBS_value=
ac_cv_env_CC_set=
ac_cv_env_CC_value=
ac_cv_env_CFLAGS_set=
ac_cv_env_CFLAGS_value=
ac_cv_env_CPPFLAGS_set=
ac_cv_env_CPPFLAGS_value=
ac_cv_env_LDFLAGS_set=
ac_cv_env_LDFLAGS_value=
ac_cv_env_LIBS_set=
ac_cv_env_LIBS_value=
ac_cv_env_PKG_CONFIG_LIBDIR_set=
ac_cv_env_PKG_CONFIG_LIBDIR_value=
ac_cv_env_PKG_CONFIG_PATH_set=set
ac_cv_env_PKG_CONFIG_PATH_value=/usr/local/Cellar/libarchive/3.1.2/lib/pkgconfig:../target/ruby/lib/pkgconfig
ac_cv_env_PKG_CONFIG_set=
ac_cv_env_PKG_CONFIG_value=
ac_cv_env_build_alias_set=
ac_cv_env_build_alias_value=
ac_cv_env_host_alias_set=
ac_cv_env_host_alias_value=
ac_cv_env_target_alias_set=
ac_cv_env_target_alias_value=
ac_cv_lib_crypto_CRYPTO_num_locks=yes
ac_cv_lib_mpc_mpc_log10=yes
ac_cv_lib_readline_readline=yes
ac_cv_lib_ssl_SSL_library_init=yes
ac_cv_objext=o
ac_cv_path_ac_pt_PKG_CONFIG=/usr/local/bin/pkg-config
ac_cv_prog_ac_ct_CC=gcc
ac_cv_prog_cc_c89=
ac_cv_prog_cc_g=yes
pkg_cv_ARCHIVE_CFLAGS='-I/usr/local/Cellar/libarchive/3.1.2/include '
pkg_cv_ARCHIVE_LIBS='-L/usr/local/Cellar/libarchive/3.1.2/lib -larchive '

## ----------------- ##
## Output variables. ##
## ----------------- ##

ARCHIVE_CFLAGS='-I/usr/local/Cellar/libarchive/3.1.2/include '
ARCHIVE_LIBS='-L/usr/local/Cellar/libarchive/3.1.2/lib -larchive '
CC='gcc'
CFLAGS='-g -O2'
CPPFLAGS=''
DEFS='-DPACKAGE_NAME=\"\" -DPACKAGE_TARNAME=\"\" -DPACKAGE_VERSION=\"\" -DPACKAGE_STRING=\"\" -DPACKAGE_BUGREPORT=\"\" -DPACKAGE_URL=\"\" -DHAVE_LIBSSL=1 -DHAVE_LIBCRYPTO=1 -DHAVE_LIBREADLINE=1 -DHAVE_LIBMPC=1'
ECHO_C='\c'
ECHO_N=''
ECHO_T=''
EXEEXT=''
LDFLAGS=''
LIBOBJS=''
LIBS='-lmpc -lreadline -lcrypto -lssl '
LTLIBOBJS=''
OBJEXT='o'
PACKAGE_BUGREPORT=''
PACKAGE_NAME=''
PACKAGE_STRING=''
PACKAGE_TARNAME=''
PACKAGE_URL=''
PACKAGE_VERSION=''
PATH_SEPARATOR=':'
PKG_CONFIG='/usr/local/bin/pkg-config'
PKG_CONFIG_LIBDIR=''
PKG_CONFIG_PATH='/usr/local/Cellar/libarchive/3.1.2/lib/pkgconfig:../target/ruby/lib/pkgconfig'
SHELL='/bin/sh'
ac_ct_CC='gcc'
bindir='${exec_prefix}/bin'
build_alias=''
datadir='${datarootdir}'
datarootdir='${prefix}/share'
docdir='${datarootdir}/doc/${PACKAGE}'
dvidir='${docdir}'
exec_prefix='${prefix}'
host_alias=''
htmldir='${docdir}'
includedir='${prefix}/include'
infodir='${datarootdir}/info'
libdir='${exec_prefix}/lib'
libexecdir='${exec_prefix}/libexec'
localedir='${datarootdir}/locale'
localstatedir='${prefix}/var'
mandir='${datarootdir}/man'
oldincludedir='/usr/include'
pdfdir='${docdir}'
prefix='/usr/local'
program_transform_name='s,x,x,'
psdir='${docdir}'
sbindir='${exec_prefix}/sbin'
sharedstatedir='${prefix}/com'
sysconfdir='${prefix}/etc'
target_alias=''

## ----------- ##
## confdefs.h. ##
## ----------- ##

/* confdefs.h */
#define PACKAGE_NAME ""
#define PACKAGE_TARNAME ""
#define PACKAGE_VERSION ""
#define PACKAGE_STRING ""
#define PACKAGE_BUGREPORT ""
#define PACKAGE_URL ""
#define HAVE_LIBSSL 1
#define HAVE_LIBCRYPTO 1
#define HAVE_LIBREADLINE 1
#define HAVE_LIBMPC 1

configure: exit 0
